-------------------------------------------------------------------------------
Test set: com.posthoffice.jipprojectmposth.SurgicalDBManagementTest
-------------------------------------------------------------------------------
Tests run: 4, Failures: 0, Errors: 1, Skipped: 0, Time elapsed: 0.443 sec <<< FAILURE! - in com.posthoffice.jipprojectmposth.SurgicalDBManagementTest
createSurgicalTest(com.posthoffice.jipprojectmposth.SurgicalDBManagementTest)  Time elapsed: 0.096 sec  <<< ERROR!
java.lang.NullPointerException: null
	at com.posthoffice.jipprojectmposth.database.SurgicalDBManagement.createSurgical(SurgicalDBManagement.java:89)
	at com.posthoffice.jipprojectmposth.SurgicalDBManagementTest.createSurgicalTest(SurgicalDBManagementTest.java:39)

