<?xml version="1.0" encoding="UTF-8"?>
<testsuite name="com.posthoffice.jipprojectmposth.SurgicalDBManagementTest" time="0.389" tests="4" errors="1" skipped="0" failures="1">
  <properties>
[...]
</properties>
  <testcase name="createSurgicalTest" classname="com.posthoffice.jipprojectmposth.SurgicalDBManagementTest" time="0.086">
    <error type="java.lang.NullPointerException:">java.lang.NullPointerException: null
	at com.posthoffice.jipprojectmposth.database.SurgicalDBManagement.createSurgical(SurgicalDBManagement.java:93)
	at com.posthoffice.jipprojectmposth.SurgicalDBManagementTest.createSurgicalTest(SurgicalDBManagementTest.java:39)
</error>
  </testcase>
  <testcase name="readSurgicalTest" classname="com.posthoffice.jipprojectmposth.SurgicalDBManagementTest" time="0.089"/>
  <testcase name="deleteSurgicalTest" classname="com.posthoffice.jipprojectmposth.SurgicalDBManagementTest" time="0.102">
    <failure message="expected:&lt;1&gt; but was:&lt;0&gt;" type="java.lang.AssertionError"><![CDATA[java.lang.AssertionError: expected:<1> but was:<0>
	at org.junit.Assert.fail(Assert.java:88)
	at org.junit.Assert.failNotEquals(Assert.java:743)
	at org.junit.Assert.assertEquals(Assert.java:118)
	at org.junit.Assert.assertEquals(Assert.java:555)
	at org.junit.Assert.assertEquals(Assert.java:542)
	at com.posthoffice.jipprojectmposth.SurgicalDBManagementTest.deleteSurgicalTest(SurgicalDBManagementTest.java:55)
]]></failure>
  </testcase>
  <testcase name="updateSurgicalTest" classname="com.posthoffice.jipprojectmposth.SurgicalDBManagementTest" time="0.112"/>
</testsuite>